<?xml version="1.0" encoding="UTF-8"?>
<!-- Generated by org.testng.reporters.JUnitXMLReporter -->
<testsuite hostname="GUNASEKAR-PC" name="Test" tests="2" failures="0" timestamp="1 Jun 2018 12:14:09 GMT" time="0.439" errors="0">
  <testcase name="@BeforeTest Browser" time="0.0" classname="runner.WaveReport">
    <failure type="java.lang.IllegalStateException" message="The path to the driver executable must be set by the webdriver.chrome.driver system property; for more information, see https://github.com/SeleniumHQ/selenium/wiki/ChromeDriver. The latest version can be downloaded from http://chromedriver.storage.googleapis.com/index.html">
      <![CDATA[java.lang.IllegalStateException: The path to the driver executable must be set by the webdriver.chrome.driver system property; for more information, see https://github.com/SeleniumHQ/selenium/wiki/ChromeDriver. The latest version can be downloaded from http://chromedriver.storage.googleapis.com/index.html
	at com.google.common.base.Preconditions.checkState(Preconditions.java:754)
	at org.openqa.selenium.remote.service.DriverService.findExecutable(DriverService.java:124)
	at org.openqa.selenium.chrome.ChromeDriverService.access$000(ChromeDriverService.java:33)
	at org.openqa.selenium.chrome.ChromeDriverService$Builder.findDefaultExecutable(ChromeDriverService.java:139)
	at org.openqa.selenium.remote.service.DriverService$Builder.build(DriverService.java:339)
	at org.openqa.selenium.chrome.ChromeDriverService.createDefaultService(ChromeDriverService.java:89)
	at org.openqa.selenium.chrome.ChromeDriver.<init>(ChromeDriver.java:147)
	at library.DataProviderBean.SelectBrowser(DataProviderBean.java:88)
	at runner.WaveReport.Browser(WaveReport.java:90)
... Removed 22 stack frames]]>
    </failure>
  </testcase> <!-- @BeforeTest Browser -->
  <testcase name="@AfterTest close" time="0.0" classname="runner.WaveReport">
    <skipped/>
  </testcase> <!-- @AfterTest close -->
  <testcase name="waveReport" time="0.0" classname="runner.WaveReport">
    <skipped/>
  </testcase> <!-- waveReport -->
  <testcase name="waveReport" time="0.0" classname="runner.WaveReport">
    <skipped/>
  </testcase> <!-- waveReport -->
</testsuite> <!-- Test -->
